2024-05-21 15:33:36	SERVER -> CLIENT: 220 smtp.gmail.com ESMTP 6a1803df08f44-6a15f1d8368sm123337576d6.109 - gsmtp

2024-05-21 15:33:36	CLIENT -> SERVER: EHLO localhost

2024-05-21 15:33:37	SERVER -> CLIENT: 250-smtp.gmail.com at your service, [212.34.9.164]
250-SIZE 35882577
250-8BITMIME
250-STARTTLS
250-ENHANCEDSTATUSCODES
250-PIPELINING
250-CHUNKING
250 SMTPUTF8

2024-05-21 15:33:37	CLIENT -> SERVER: STARTTLS

2024-05-21 15:33:37	SERVER -> CLIENT: 220 2.0.0 Ready to start TLS

2024-05-21 15:33:37	CLIENT -> SERVER: EHLO localhost

2024-05-21 15:33:38	SERVER -> CLIENT: 250-smtp.gmail.com at your service, [212.34.9.164]
250-SIZE 35882577
250-8BITMIME
250-AUTH LOGIN PLAIN XOAUTH2 PLAIN-CLIENTTOKEN OAUTHBEARER XOAUTH
250-ENHANCEDSTATUSCODES
250-PIPELINING
250-CHUNKING
250 SMTPUTF8

2024-05-21 15:33:38	CLIENT -> SERVER: AUTH LOGIN

2024-05-21 15:33:38	SERVER -> CLIENT: 334 VXNlcm5hbWU6

2024-05-21 15:33:38	CLIENT -> SERVER: [credentials hidden]
2024-05-21 15:33:38	SERVER -> CLIENT: 334 UGFzc3dvcmQ6

2024-05-21 15:33:38	CLIENT -> SERVER: [credentials hidden]
2024-05-21 15:33:39	SERVER -> CLIENT: 535-5.7.8 Username and Password not accepted. For more information, go to
535 5.7.8  https://support.google.com/mail/?p=BadCredentials 6a1803df08f44-6a15f1d8368sm123337576d6.109 - gsmtp

2024-05-21 15:33:39	SMTP ERROR: Password command failed: 535-5.7.8 Username and Password not accepted. For more information, go to
535 5.7.8  https://support.google.com/mail/?p=BadCredentials 6a1803df08f44-6a15f1d8368sm123337576d6.109 - gsmtp

2024-05-21 15:33:39	SMTP Error: Could not authenticate.
2024-05-21 15:33:39	CLIENT -> SERVER: QUIT

2024-05-21 15:33:39	SERVER -> CLIENT: 221 2.0.0 closing connection 6a1803df08f44-6a15f1d8368sm123337576d6.109 - gsmtp

2024-05-21 15:33:39	SMTP Error: Could not authenticate.
2024-05-21 15:33:57	SERVER -> CLIENT: 220 smtp.gmail.com ESMTP 6a1803df08f44-6a166309ba5sm118116526d6.122 - gsmtp

2024-05-21 15:33:57	CLIENT -> SERVER: EHLO localhost

2024-05-21 15:33:58	SERVER -> CLIENT: 250-smtp.gmail.com at your service, [212.34.9.164]
250-SIZE 35882577
250-8BITMIME
250-STARTTLS
250-ENHANCEDSTATUSCODES
250-PIPELINING
250-CHUNKING
250 SMTPUTF8

2024-05-21 15:33:58	CLIENT -> SERVER: STARTTLS

2024-05-21 15:33:58	SERVER -> CLIENT: 220 2.0.0 Ready to start TLS

2024-05-21 15:33:59	CLIENT -> SERVER: EHLO localhost

2024-05-21 15:33:59	SERVER -> CLIENT: 250-smtp.gmail.com at your service, [212.34.9.164]
250-SIZE 35882577
250-8BITMIME
250-AUTH LOGIN PLAIN XOAUTH2 PLAIN-CLIENTTOKEN OAUTHBEARER XOAUTH
250-ENHANCEDSTATUSCODES
250-PIPELINING
250-CHUNKING
250 SMTPUTF8

2024-05-21 15:33:59	CLIENT -> SERVER: AUTH LOGIN

2024-05-21 15:33:59	SERVER -> CLIENT: 334 VXNlcm5hbWU6

2024-05-21 15:33:59	CLIENT -> SERVER: [credentials hidden]
2024-05-21 15:33:59	SERVER -> CLIENT: 334 UGFzc3dvcmQ6

2024-05-21 15:33:59	CLIENT -> SERVER: [credentials hidden]
2024-05-21 15:34:00	SERVER -> CLIENT: 535-5.7.8 Username and Password not accepted. For more information, go to
535 5.7.8  https://support.google.com/mail/?p=BadCredentials 6a1803df08f44-6a166309ba5sm118116526d6.122 - gsmtp

2024-05-21 15:34:00	SMTP ERROR: Password command failed: 535-5.7.8 Username and Password not accepted. For more information, go to
535 5.7.8  https://support.google.com/mail/?p=BadCredentials 6a1803df08f44-6a166309ba5sm118116526d6.122 - gsmtp

2024-05-21 15:34:00	SMTP Error: Could not authenticate.
2024-05-21 15:34:00	CLIENT -> SERVER: QUIT

2024-05-21 15:34:00	SERVER -> CLIENT: 221 2.0.0 closing connection 6a1803df08f44-6a166309ba5sm118116526d6.122 - gsmtp

2024-05-21 15:34:00	SMTP Error: Could not authenticate.
